<?xml version="1.0" encoding="UTF-8"?>
<!-- Generated by org.testng.reporters.JUnitXMLReporter -->
<testsuite ignored="0" hostname="DESKTOP-RBD1MAL" failures="0" tests="3" name="Default test" time="5.76" errors="0" timestamp="2020-04-28T12:04:36 IST">
  <testcase classname="CustomerTests" name="getAccessToken" time="5.108"/>
  <testcase classname="CustomerTests" name="getPhoneNumbers" time="0.245"/>
  <testcase classname="CustomerTests" name="getUsers" time="0.218"/>
</testsuite> <!-- Default test -->
