<?xml version="1.0" encoding="UTF-8"?>
<testng-results ignored="0" total="3" passed="3" failed="0" skipped="0">
  <reporter-output>
  </reporter-output>
  <suite started-at="2020-04-28T12:04:30 IST" name="Default suite" finished-at="2020-04-28T12:04:36 IST" duration-ms="5760">
    <groups>
    </groups>
    <test started-at="2020-04-28T12:04:30 IST" name="Default test" finished-at="2020-04-28T12:04:36 IST" duration-ms="5760">
      <class name="CustomerTests">
        <test-method signature="getAccessToken()[pri:0, instance:CustomerTests@27ae2fd0]" started-at="2020-04-28T12:04:30 IST" name="getAccessToken" finished-at="2020-04-28T12:04:35 IST" duration-ms="5108" status="PASS">
          <reporter-output>
          </reporter-output>
        </test-method> <!-- getAccessToken -->
        <test-method signature="getPhoneNumbers()[pri:0, instance:CustomerTests@27ae2fd0]" started-at="2020-04-28T12:04:35 IST" name="getPhoneNumbers" finished-at="2020-04-28T12:04:35 IST" depends-on-methods="CustomerTests.getAccessToken" duration-ms="245" status="PASS">
          <reporter-output>
          </reporter-output>
        </test-method> <!-- getPhoneNumbers -->
        <test-method signature="getUsers()[pri:0, instance:CustomerTests@27ae2fd0]" started-at="2020-04-28T12:04:35 IST" name="getUsers" finished-at="2020-04-28T12:04:36 IST" depends-on-methods="CustomerTests.getAccessToken" duration-ms="218" status="PASS">
          <reporter-output>
          </reporter-output>
        </test-method> <!-- getUsers -->
      </class> <!-- CustomerTests -->
    </test> <!-- Default test -->
  </suite> <!-- Default suite -->
</testng-results>
